<?xml version="1.0" encoding="UTF-8"?>
<testng-results skipped="0" failed="0" ignored="0" total="2" passed="2">
  <reporter-output>
  </reporter-output>
  <suite name="Default suite" duration-ms="45383" started-at="2022-11-23T15:39:04Z" finished-at="2022-11-23T15:39:49Z">
    <groups>
    </groups>
    <test name="Default test" duration-ms="45383" started-at="2022-11-23T15:39:04Z" finished-at="2022-11-23T15:39:49Z">
      <class name="org.task.Task1">
        <test-method status="PASS" signature="tc1(java.lang.String, java.lang.String)[pri:0, instance:org.task.Task1@3e6fa38a]" name="tc1" duration-ms="21081" started-at="2022-11-23T15:39:04Z" data-provider="login" finished-at="2022-11-23T15:39:25Z">
          <params>
            <param index="0">
              <value>
                <![CDATA[Greens]]>
              </value>
            </param>
            <param index="1">
              <value>
                <![CDATA[green@123]]>
              </value>
            </param>
          </params>
          <reporter-output>
          </reporter-output>
        </test-method> <!-- tc1 -->
        <test-method status="PASS" signature="tc1(java.lang.String, java.lang.String)[pri:0, instance:org.task.Task1@3e6fa38a]" name="tc1" duration-ms="24203" started-at="2022-11-23T15:39:25Z" data-provider="login" finished-at="2022-11-23T15:39:49Z">
          <params>
            <param index="0">
              <value>
                <![CDATA[Anil]]>
              </value>
            </param>
            <param index="1">
              <value>
                <![CDATA[Anil@123]]>
              </value>
            </param>
          </params>
          <reporter-output>
          </reporter-output>
        </test-method> <!-- tc1 -->
      </class> <!-- org.task.Task1 -->
    </test> <!-- Default test -->
  </suite> <!-- Default suite -->
</testng-results>
